<?xml version="1.0" encoding="utf-8"?><testsuites name="pytest tests"><testsuite name="pytest" errors="0" failures="0" skipped="0" tests="18" time="13.821" timestamp="2026-09-11T15:49:14.581009+00:00" hostname="agent-env-42352501-9f0a-42c6-9d08-3e55423a498e"><testcase classname="tests.shared_v1.test_bff_auth_session" name="test_staff_portal_login_sets_secure_session_cookie_only_for_staff[asyncio]" time="1.071" /><testcase classname="tests.shared_v1.test_bff_auth_session" name="test_customer_cannot_create_staff_session_on_portal_flow[asyncio]" time="0.481" /><testcase classname="tests.shared_v1.test_bff_auth_session" name="test_csrf_and_origin_enforced_for_mutations[asyncio]" time="0.391" /><testcase classname="tests.shared_v1.test_bff_auth_session" name="test_same_service_and_enrollment_key_fails_closed[asyncio]" time="0.412" /><testcase classname="tests.shared_v1.test_bff_auth_session" name="test_demotion_revokes_existing_staff_session[asyncio]" time="0.498" /><testcase classname="tests.shared_v1.test_bff_auth_session" name="test_logout_uncertainty_clears_cookie_and_local_session[asyncio]" time="0.467" /><testcase classname="tests.shared_v1.test_bff_auth_session" name="test_concurrent_refresh_across_two_bff_workers_rotates_once[asyncio]" time="0.566" /><testcase classname="tests.shared_v1.test_bff_feature_matrix" name="test_ingress_alias_requires_matching_x_website_origin[asyncio]" time="0.423" /><testcase classname="tests.shared_v1.test_bff_feature_matrix" name="test_ingress_alias_with_matching_x_website_origin_is_accepted[asyncio]" time="0.381" /><testcase classname="tests.shared_v1.test_bff_feature_matrix" name="test_admin_invalid_phone_rejected_with_422[asyncio]" time="0.351" /><testcase classname="tests.shared_v1.test_bff_feature_matrix" name="test_enrollment_persists_once_and_verify_replay_returns_same_customer[asyncio]" time="0.479" /><testcase classname="tests.shared_v1.test_bff_feature_matrix" name="test_enrollment_grant_expired_transitions_to_verification_required[asyncio]" time="0.430" /><testcase classname="tests.shared_v1.test_bff_feature_matrix" name="test_billing_role_session_and_mutation_restrictions[asyncio]" time="0.456" /><testcase classname="tests.shared_v1.test_bff_feature_matrix" name="test_telecaller_cannot_mutate_rates[asyncio]" time="5.082" /><testcase classname="tests.shared_v1.test_bff_feature_matrix" name="test_admin_customer_phone_patch_blocked_at_bff[asyncio]" time="0.442" /><testcase classname="tests.shared_v1.test_bff_feature_matrix" name="test_requests_claim_race_and_stale_version_guard[asyncio]" time="0.521" /><testcase classname="tests.shared_v1.test_bff_feature_matrix" name="test_products_upload_and_crud_roundtrip_preserves_media_path[asyncio]" time="0.566" /><testcase classname="tests.shared_v1.test_bff_feature_matrix" name="test_pdf_sample_download_and_chunk_acknowledgement[asyncio]" time="0.549" /></testsuite></testsuites>