<?xml version="1.0" encoding="utf-8"?><testsuites name="pytest tests"><testsuite name="pytest" errors="0" failures="0" skipped="3" tests="30" time="58.706" timestamp="2026-09-11T16:31:10.715542+00:00" hostname="agent-env-42352501-9f0a-42c6-9d08-3e55423a498e"><testcase classname="tests.shared_v1.test_bff_auth_session" name="test_staff_portal_login_sets_secure_session_cookie_only_for_staff[asyncio]" time="0.823" /><testcase classname="tests.shared_v1.test_bff_auth_session" name="test_customer_cannot_create_staff_session_on_portal_flow[asyncio]" time="0.478" /><testcase classname="tests.shared_v1.test_bff_auth_session" name="test_csrf_and_origin_enforced_for_mutations[asyncio]" time="0.372" /><testcase classname="tests.shared_v1.test_bff_auth_session" name="test_same_service_and_enrollment_key_fails_closed[asyncio]" time="0.356" /><testcase classname="tests.shared_v1.test_bff_auth_session" name="test_demotion_revokes_existing_staff_session[asyncio]" time="0.556" /><testcase classname="tests.shared_v1.test_bff_auth_session" name="test_logout_uncertainty_clears_cookie_and_local_session[asyncio]" time="0.415" /><testcase classname="tests.shared_v1.test_bff_auth_session" name="test_concurrent_refresh_across_two_bff_workers_rotates_once[asyncio]" time="0.565" /><testcase classname="tests.shared_v1.test_bff_authenticated_browser_journeys" name="test_authenticated_browser_journeys_routed_to_isolated_bff[asyncio]" time="40.034" /><testcase classname="tests.shared_v1.test_bff_feature_matrix" name="test_ingress_alias_requires_matching_x_website_origin[asyncio]" time="0.647" /><testcase classname="tests.shared_v1.test_bff_feature_matrix" name="test_ingress_alias_with_matching_x_website_origin_is_accepted[asyncio]" time="0.427" /><testcase classname="tests.shared_v1.test_bff_feature_matrix" name="test_admin_invalid_phone_rejected_with_422[asyncio]" time="0.370" /><testcase classname="tests.shared_v1.test_bff_feature_matrix" name="test_enrollment_persists_once_and_verify_replay_returns_same_customer[asyncio]" time="0.479" /><testcase classname="tests.shared_v1.test_bff_feature_matrix" name="test_enrollment_grant_expired_transitions_to_verification_required[asyncio]" time="0.378" /><testcase classname="tests.shared_v1.test_bff_feature_matrix" name="test_billing_role_session_and_mutation_restrictions[asyncio]" time="0.422" /><testcase classname="tests.shared_v1.test_bff_feature_matrix" name="test_telecaller_cannot_mutate_rates[asyncio]" time="0.471" /><testcase classname="tests.shared_v1.test_bff_feature_matrix" name="test_admin_customer_phone_patch_blocked_at_bff[asyncio]" time="0.397" /><testcase classname="tests.shared_v1.test_bff_feature_matrix" name="test_requests_claim_race_and_stale_version_guard[asyncio]" time="0.455" /><testcase classname="tests.shared_v1.test_bff_feature_matrix" name="test_products_upload_and_crud_roundtrip_preserves_media_path[asyncio]" time="0.557" /><testcase classname="tests.shared_v1.test_bff_feature_matrix" name="test_pdf_sample_download_and_chunk_acknowledgement[asyncio]" time="0.465" /><testcase classname="tests.shared_v1.test_bff_followup_core_regressions" name="test_rates_changed_only_preserves_untouched_gold_and_enforces_version_conflict_409[asyncio]" time="0.446" /><testcase classname="tests.shared_v1.test_bff_followup_core_regressions" name="test_rate_slabs_labour_ambiguity_structured_basis_edit_and_soft_delete_versioned[asyncio]" time="0.556" /><testcase classname="tests.shared_v1.test_bff_followup_core_regressions" name="test_customers_pagination_search_assignment_and_ist_filters_over_20_records[asyncio]" time="0.486" /><testcase classname="tests.shared_v1.test_bff_followup_core_regressions" name="test_all_7_request_types_visible_as_unassigned_with_consistent_counts_across_roles[asyncio]" time="0.569" /><testcase classname="tests.shared_v1.test_bff_followup_core_regressions" name="test_request_resolution_reopen_idempotency_history_and_today_metrics_cohort[asyncio]" time="0.678" /><testcase classname="tests.shared_v1.test_bff_followup_core_regressions" name="test_deletion_grant_cleanup_ack_and_no_resurrection_via_enrollment[asyncio]" time="5.296" /><testcase classname="tests.shared_v1.test_bff_followup_core_regressions" name="test_media_usage_and_lifecycle_audit_reports_audited_true_zero_remote_deletions[asyncio]" time="0.451" /><testcase classname="tests.shared_v1.test_bff_followup_core_regressions" name="test_dependency_d2_customers_search_should_resolve_static_route_not_dynamic_shadow[asyncio]" time="0.404"><skipped type="pytest.xfail" message="D2 source evidence: shared/install.py includes people router before legacy /customers/search; people.py /customers/{uid} can shadow static search." /></testcase><testcase classname="tests.shared_v1.test_bff_followup_core_regressions" name="test_dependency_d3_customer_id_filter_should_be_supported_or_rejected_not_silently_ignored[asyncio]" time="0.424"><skipped type="pytest.xfail" message="D3 source evidence: shared/queries.py listing() has no customer_id filter and silently ignores immutable customer-ID filtering requirement." /></testcase><testcase classname="tests.shared_v1.test_bff_followup_core_regressions" name="test_dependency_d4_deletion_outbox_should_not_starve_101st_event_after_first100_website_ack[asyncio]" time="0.359"><skipped type="pytest.xfail" message="D4 source evidence: shared/people.py /integrations/deletions uses .limit(100) pending events without pagination or excluding website-acknowledged rows." /></testcase><testcase classname="tests.shared_v1.test_bff_followup_core_regressions" name="test_identity_export_projection_function_uses_stored_links_only_and_no_extra_fields" time="0.000" /></testsuite></testsuites>