<?xml version="1.0" encoding="utf-8"?><testsuites name="pytest tests"><testsuite name="pytest" errors="0" failures="0" skipped="0" tests="6" time="2.411" timestamp="2026-09-11T18:27:06.743259+00:00" hostname="agent-env-42352501-9f0a-42c6-9d08-3e55423a498e"><testcase classname="tests.shared_v1.test_bff_auth_readiness" name="test_missing_config_returns_ready_503_live_200_and_neutral_unavailable_message[asyncio]" time="0.733" /><testcase classname="tests.shared_v1.test_bff_auth_readiness" name="test_staff_missing_key_blocks_staff_only_while_enrollment_and_deletion_remain_available[asyncio]" time="0.368" /><testcase classname="tests.shared_v1.test_bff_auth_readiness" name="test_reused_service_keys_fail_closed_with_auth_service_unavailable_and_no_session[asyncio]" time="0.329" /><testcase classname="tests.shared_v1.test_bff_auth_readiness" name="test_public_auth_status_rejects_unknown_origin_and_masks_flows[asyncio]" time="0.369" /><testcase classname="tests.shared_v1.test_bff_auth_readiness" name="test_readiness_uses_only_get_health_and_short_cache_no_mutation_calls[asyncio]" time="0.309" /><testcase classname="tests.shared_v1.test_bff_auth_readiness" name="test_check_auth_readiness_returns_nonzero_if_any_origin_unready" time="0.001" /></testsuite></testsuites>