<?xml version="1.0" encoding="utf-8"?><testsuites name="pytest tests"><testsuite name="pytest" errors="0" failures="0" skipped="0" tests="121" time="113.465" timestamp="2026-09-14T15:48:30.886039+00:00" hostname="agent-env-0828ba8a-ed50-4638-8793-7f0d1df2d900"><testcase classname="tests.shared_v1.test_bff_auth_readiness" name="test_missing_config_returns_ready_503_live_200_and_neutral_unavailable_message[asyncio]" time="0.674" /><testcase classname="tests.shared_v1.test_bff_auth_readiness" name="test_staff_missing_key_blocks_staff_only_while_enrollment_and_deletion_remain_available[asyncio]" time="0.367" /><testcase classname="tests.shared_v1.test_bff_auth_readiness" name="test_reused_service_keys_fail_closed_with_auth_service_unavailable_and_no_session[asyncio]" time="0.374" /><testcase classname="tests.shared_v1.test_bff_auth_readiness" name="test_public_auth_status_rejects_unknown_origin_and_masks_flows[asyncio]" time="0.359" /><testcase classname="tests.shared_v1.test_bff_auth_readiness" name="test_readiness_uses_only_documented_get_probes_and_short_cache_no_mutation_calls[asyncio]" time="0.379" /><testcase classname="tests.shared_v1.test_bff_auth_session" name="test_staff_portal_login_sets_secure_session_cookie_only_for_staff[asyncio]" time="0.419" /><testcase classname="tests.shared_v1.test_bff_auth_session" name="test_customer_cannot_create_staff_session_on_portal_flow[asyncio]" time="0.427" /><testcase classname="tests.shared_v1.test_bff_auth_session" name="test_csrf_and_origin_enforced_for_mutations[asyncio]" time="0.328" /><testcase classname="tests.shared_v1.test_bff_auth_session" name="test_same_service_and_enrollment_key_fails_closed[asyncio]" time="0.350" /><testcase classname="tests.shared_v1.test_bff_auth_session" name="test_demotion_revokes_existing_staff_session[asyncio]" time="0.433" /><testcase classname="tests.shared_v1.test_bff_auth_session" name="test_logout_uncertainty_clears_cookie_and_local_session[asyncio]" time="0.394" /><testcase classname="tests.shared_v1.test_bff_auth_session" name="test_concurrent_refresh_across_two_bff_workers_rotates_once[asyncio]" time="0.555" /><testcase classname="tests.shared_v1.test_bff_authenticated_browser_journeys" name="test_authenticated_browser_journeys_routed_to_isolated_bff[asyncio]" time="62.949" /><testcase classname="tests.shared_v1.test_bff_feature_matrix" name="test_ingress_alias_requires_matching_x_website_origin[asyncio]" time="0.382" /><testcase classname="tests.shared_v1.test_bff_feature_matrix" name="test_ingress_alias_with_matching_x_website_origin_is_accepted[asyncio]" time="0.394" /><testcase classname="tests.shared_v1.test_bff_feature_matrix" name="test_admin_invalid_phone_rejected_with_422[asyncio]" time="0.697" /><testcase classname="tests.shared_v1.test_bff_feature_matrix" name="test_enrollment_persists_once_and_verify_replay_returns_same_customer[asyncio]" time="0.519" /><testcase classname="tests.shared_v1.test_bff_feature_matrix" name="test_enrollment_grant_expired_transitions_to_verification_required[asyncio]" time="0.433" /><testcase classname="tests.shared_v1.test_bff_feature_matrix" name="test_billing_role_session_and_mutation_restrictions[asyncio]" time="0.540" /><testcase classname="tests.shared_v1.test_bff_feature_matrix" name="test_telecaller_cannot_mutate_rates[asyncio]" time="0.447" /><testcase classname="tests.shared_v1.test_bff_feature_matrix" name="test_admin_customer_phone_patch_blocked_at_bff[asyncio]" time="0.690" /><testcase classname="tests.shared_v1.test_bff_feature_matrix" name="test_requests_claim_race_and_stale_version_guard[asyncio]" time="0.603" /><testcase classname="tests.shared_v1.test_bff_feature_matrix" name="test_products_upload_and_crud_roundtrip_preserves_media_path[asyncio]" time="0.724" /><testcase classname="tests.shared_v1.test_bff_feature_matrix" name="test_pdf_sample_download_and_chunk_acknowledgement[asyncio]" time="0.525" /><testcase classname="tests.shared_v1.test_bff_followup_core_regressions" name="test_rates_changed_only_preserves_untouched_gold_and_enforces_version_conflict_409[asyncio]" time="4.756" /><testcase classname="tests.shared_v1.test_bff_followup_core_regressions" name="test_rate_slabs_labour_ambiguity_structured_basis_edit_and_soft_delete_versioned[asyncio]" time="0.465" /><testcase classname="tests.shared_v1.test_bff_followup_core_regressions" name="test_customers_pagination_search_assignment_and_ist_filters_over_20_records[asyncio]" time="0.458" /><testcase classname="tests.shared_v1.test_bff_followup_core_regressions" name="test_all_7_request_types_visible_as_unassigned_with_consistent_counts_across_roles[asyncio]" time="0.576" /><testcase classname="tests.shared_v1.test_bff_followup_core_regressions" name="test_request_resolution_reopen_idempotency_history_and_today_metrics_cohort[asyncio]" time="0.502" /><testcase classname="tests.shared_v1.test_bff_followup_core_regressions" name="test_deletion_grant_cleanup_ack_and_no_resurrection_via_enrollment[asyncio]" time="0.505" /><testcase classname="tests.shared_v1.test_bff_followup_core_regressions" name="test_media_usage_and_lifecycle_audit_reports_audited_true_zero_remote_deletions[asyncio]" time="0.499" /><testcase classname="tests.shared_v1.test_bff_followup_core_regressions" name="test_d2_customer_search_returns_envelope_for_billing_and_admin_and_denies_telecaller[asyncio]" time="0.479" /><testcase classname="tests.shared_v1.test_bff_followup_core_regressions" name="test_d3_customer_id_history_is_paginated_complete_and_rejects_malformed_or_unknown_ids[asyncio]" time="0.477" /><testcase classname="tests.shared_v1.test_bff_followup_core_regressions" name="test_d3_history_is_withheld_when_the_app_lacks_customer_id_capability[asyncio]" time="0.556" /><testcase classname="tests.shared_v1.test_bff_followup_core_regressions" name="test_owner_admin_bootstrap_on_pinned_app_promotes_same_record_and_website_routes_canonical_role_admin[asyncio]" time="0.513" /><testcase classname="tests.shared_v1.test_bff_followup_core_regressions" name="test_d4_deletion_feed_cursor_consumer_acknowledges_all_events_beyond_100_and_is_idempotent[asyncio]" time="1.518" /><testcase classname="tests.shared_v1.test_bff_followup_core_regressions" name="test_d4_partial_failure_restart_and_retry_only_acknowledge_completed_cleanup[asyncio]" time="1.579" /><testcase classname="tests.shared_v1.test_bff_followup_core_regressions" name="test_identity_export_projection_function_uses_stored_links_only_and_no_extra_fields" time="0.001" /><testcase classname="tests.shared_v1.test_bff_import_busy" name="test_chunk_upload_waits_out_the_app_storage_lock[asyncio]" time="2.280" /><testcase classname="tests.shared_v1.test_bff_import_busy" name="test_persistent_app_lock_is_reported_and_the_same_chunk_resumes_later[asyncio]" time="0.776" /><testcase classname="tests.shared_v1.test_bff_import_busy" name="test_other_busy_mutations_are_not_retried_by_the_proxy[asyncio]" time="5.229" /><testcase classname="tests.shared_v1.test_bff_pdf_watch" name="test_page_budget_timeout_is_resumed_from_checkpoint_until_review[asyncio]" time="6.698" /><testcase classname="tests.shared_v1.test_bff_pdf_watch" name="test_per_page_budget_then_operator_resume_restarts_and_pause_stops[asyncio]" time="3.548" /><testcase classname="tests.shared_v1.test_bff_pdf_watch" name="test_source_errors_are_not_retried_and_records_are_owner_scoped[asyncio]" time="1.798" /><testcase classname="tests.shared_v1.test_bff_pdf_watch" name="test_watcher_stops_when_the_website_session_ends[asyncio]" time="1.971" /><testcase classname="tests.shared_v1.test_bff_readiness_adapter" name="test_full_readiness_verifies_both_credentials_once_each[asyncio]" time="0.002" /><testcase classname="tests.shared_v1.test_bff_readiness_adapter" name="test_staff_only_503_keeps_enrollment_and_deletion_ready_without_sending_staff_key[asyncio]" time="0.001" /><testcase classname="tests.shared_v1.test_bff_readiness_adapter" name="test_owner_admin_bootstrap_state_is_surfaced_read_only_and_never_gates_website_flows[asyncio]" time="0.002" /><testcase classname="tests.shared_v1.test_bff_readiness_adapter" name="test_missing_local_enrollment_settings_disable_enrollment_and_deletion_but_not_staff[asyncio]" time="0.001" /><testcase classname="tests.shared_v1.test_bff_readiness_adapter" name="test_database_outage_marks_every_flow_unavailable_and_sends_no_credentials[asyncio]" time="0.001" /><testcase classname="tests.shared_v1.test_bff_readiness_adapter" name="test_unexpected_health_responses_fail_every_flow_closed[asyncio-html]" time="0.001" /><testcase classname="tests.shared_v1.test_bff_readiness_adapter" name="test_unexpected_health_responses_fail_every_flow_closed[asyncio-malformed-json]" time="0.001" /><testcase classname="tests.shared_v1.test_bff_readiness_adapter" name="test_unexpected_health_responses_fail_every_flow_closed[asyncio-json-array]" time="0.001" /><testcase classname="tests.shared_v1.test_bff_readiness_adapter" name="test_unexpected_health_responses_fail_every_flow_closed[asyncio-arbitrary-503]" time="0.001" /><testcase classname="tests.shared_v1.test_bff_readiness_adapter" name="test_unexpected_health_responses_fail_every_flow_closed[asyncio-text-503]" time="0.001" /><testcase classname="tests.shared_v1.test_bff_readiness_adapter" name="test_unexpected_health_responses_fail_every_flow_closed[asyncio-liveness-body]" time="0.001" /><testcase classname="tests.shared_v1.test_bff_readiness_adapter" name="test_unexpected_health_responses_fail_every_flow_closed[asyncio-bad-flow-type]" time="0.001" /><testcase classname="tests.shared_v1.test_bff_readiness_adapter" name="test_unexpected_health_responses_fail_every_flow_closed[asyncio-unsafe-issue-text]" time="0.001" /><testcase classname="tests.shared_v1.test_bff_readiness_adapter" name="test_unexpected_health_responses_fail_every_flow_closed[asyncio-status-mismatch-503]" time="0.001" /><testcase classname="tests.shared_v1.test_bff_readiness_adapter" name="test_unexpected_health_responses_fail_every_flow_closed[asyncio-status-mismatch-200]" time="0.001" /><testcase classname="tests.shared_v1.test_bff_readiness_adapter" name="test_unexpected_health_responses_fail_every_flow_closed[asyncio-http-500]" time="0.001" /><testcase classname="tests.shared_v1.test_bff_readiness_adapter" name="test_unexpected_health_responses_fail_every_flow_closed[asyncio-redirect]" time="0.001" /><testcase classname="tests.shared_v1.test_bff_readiness_adapter" name="test_present_but_wrong_staff_key_disables_staff_only_with_redacted_report[asyncio]" time="0.041" /><testcase classname="tests.shared_v1.test_bff_readiness_adapter" name="test_wrong_enrollment_key_disables_enrollment_and_deletion_together[asyncio]" time="0.001" /><testcase classname="tests.shared_v1.test_bff_readiness_adapter" name="test_app_side_unconfigured_credential_route_503_is_reported_as_configuration_issue[asyncio]" time="0.001" /><testcase classname="tests.shared_v1.test_bff_readiness_adapter" name="test_forbidden_credential_routing_is_rejected_before_any_request[asyncio]" time="0.001" /><testcase classname="tests.shared_v1.test_bff_readiness_adapter" name="test_credential_probe_never_follows_redirect_or_leaks_secret_to_another_origin[asyncio]" time="0.001" /><testcase classname="tests.shared_v1.test_bff_readiness_adapter" name="test_timeout_then_recovery_honours_unready_cache_window[asyncio]" time="0.002" /><testcase classname="tests.shared_v1.test_bff_readiness_adapter" name="test_concurrent_snapshot_requests_coalesce_into_one_probe_set[asyncio]" time="0.102" /><testcase classname="tests.shared_v1.test_bff_readiness_adapter" name="test_old_public_health_contract_is_interpreted_without_claiming_key_matching[asyncio]" time="0.001" /><testcase classname="tests.shared_v1.test_bff_readiness_adapter" name="test_declared_credential_readiness_without_flows_never_falls_back_to_public_booleans[asyncio]" time="0.001" /><testcase classname="tests.shared_v1.test_bff_readiness_adapter" name="test_failed_or_missing_staff_credential_probe_leaves_staff_unavailable[asyncio-route-missing-404]" time="0.001" /><testcase classname="tests.shared_v1.test_bff_readiness_adapter" name="test_failed_or_missing_staff_credential_probe_leaves_staff_unavailable[asyncio-verified-flag-absent]" time="0.001" /><testcase classname="tests.shared_v1.test_bff_readiness_adapter" name="test_failed_or_missing_staff_credential_probe_leaves_staff_unavailable[asyncio-wrong-flow-name]" time="0.001" /><testcase classname="tests.shared_v1.test_bff_readiness_adapter" name="test_failed_or_missing_staff_credential_probe_leaves_staff_unavailable[asyncio-html-200]" time="0.001" /><testcase classname="tests.shared_v1.test_bff_readiness_adapter" name="test_failed_or_missing_staff_credential_probe_leaves_staff_unavailable[asyncio-read-timeout]" time="0.001" /><testcase classname="tests.shared_v1.test_bff_readiness_adapter" name="test_both_production_website_origins_allowed_and_unrelated_origin_rejected[asyncio]" time="0.018" /><testcase classname="tests.shared_v1.test_bff_readiness_adapter" name="test_placeholder_settings_report_invalid_not_present" time="0.000" /><testcase classname="tests.shared_v1.test_bff_readiness_adapter" name="test_origin_entries_explain_each_rejected_allowlist_entry_without_echoing_values" time="0.000" /><testcase classname="tests.shared_v1.test_bff_readiness_adapter" name="test_from_env_uses_runtime_environment_over_dotenv_and_parses_origins" time="0.003" /><testcase classname="tests.shared_v1.test_bff_readiness_adapter" name="test_actual_backend_dotenv_declares_required_names_once_without_real_secrets_in_placeholders" time="0.001" /><testcase classname="tests.shared_v1.test_bff_winback" name="test_deletion_optin_keeps_only_consented_contact_plus_anonymous_churn_and_number_hash[asyncio]" time="0.492" /><testcase classname="tests.shared_v1.test_bff_winback" name="test_deletion_without_optin_keeps_no_contact_but_still_counts_churn[asyncio]" time="0.662" /><testcase classname="tests.shared_v1.test_bff_winback" name="test_callback_before_deletion_keeps_the_account_and_records_a_consented_callback[asyncio]" time="0.587" /><testcase classname="tests.shared_v1.test_bff_winback" name="test_staff_console_rbac_actions_history_and_opt_out_erasure[asyncio]" time="0.704" /><testcase classname="tests.shared_v1.test_bff_winback" name="test_returning_registration_is_flagged_from_the_keyed_hash_only_and_cleared_on_later_deletion[asyncio]" time="0.593" /><testcase classname="tests.shared_v1.test_bff_winback" name="test_in_app_deletion_consumed_by_d4_records_the_hash_from_the_websites_own_enrollment_draft[asyncio]" time="0.605" /><testcase classname="tests.shared_v1.test_release_gate_tool" name="test_gate_passes_only_with_credential_verified_readiness_on_both_origins" time="0.002" /><testcase classname="tests.shared_v1.test_release_gate_tool" name="test_gate_fails_on_unverified_or_mismatched_readiness[false-key-match]" time="0.001" /><testcase classname="tests.shared_v1.test_release_gate_tool" name="test_gate_fails_on_unverified_or_mismatched_readiness[null-key-match]" time="0.001" /><testcase classname="tests.shared_v1.test_release_gate_tool" name="test_gate_fails_on_unverified_or_mismatched_readiness[null-flow-verification]" time="0.001" /><testcase classname="tests.shared_v1.test_release_gate_tool" name="test_gate_fails_on_unverified_or_mismatched_readiness[false-flow-verification]" time="0.001" /><testcase classname="tests.shared_v1.test_release_gate_tool" name="test_gate_fails_on_unverified_or_mismatched_readiness[flow-issue]" time="0.001" /><testcase classname="tests.shared_v1.test_release_gate_tool" name="test_gate_fails_on_unverified_or_mismatched_readiness[legacy-contract]" time="0.001" /><testcase classname="tests.shared_v1.test_release_gate_tool" name="test_gate_fails_on_unverified_or_mismatched_readiness[unrecorded-commit]" time="0.001" /><testcase classname="tests.shared_v1.test_release_gate_tool" name="test_gate_fails_on_unverified_or_mismatched_readiness[wrong-build]" time="0.001" /><testcase classname="tests.shared_v1.test_release_gate_tool" name="test_gate_fails_on_unverified_or_mismatched_readiness[wrong-pin]" time="0.001" /><testcase classname="tests.shared_v1.test_release_gate_tool" name="test_gate_fails_on_unverified_or_mismatched_readiness[wrong-upstream-build]" time="0.001" /><testcase classname="tests.shared_v1.test_release_gate_tool" name="test_gate_fails_on_unverified_or_mismatched_readiness[unrecorded-upstream-commit]" time="0.001" /><testcase classname="tests.shared_v1.test_release_gate_tool" name="test_gate_fails_on_unverified_or_mismatched_readiness[not-ready]" time="0.001" /><testcase classname="tests.shared_v1.test_release_gate_tool" name="test_gate_fails_on_unverified_or_mismatched_readiness[flows-missing]" time="0.001" /><testcase classname="tests.shared_v1.test_release_gate_tool" name="test_gate_fails_on_unverified_or_mismatched_readiness[upstream-not-object]" time="0.001" /><testcase classname="tests.shared_v1.test_release_gate_tool" name="test_gate_fails_when_ready_is_structured_503" time="0.001" /><testcase classname="tests.shared_v1.test_release_gate_tool" name="test_gate_fails_on_origin_rejection_or_contradictory_public_status[origin-rejected]" time="0.001" /><testcase classname="tests.shared_v1.test_release_gate_tool" name="test_gate_fails_on_origin_rejection_or_contradictory_public_status[inconsistent-public-status]" time="0.001" /><testcase classname="tests.shared_v1.test_release_gate_tool" name="test_gate_fails_on_origin_rejection_or_contradictory_public_status[public-flows-missing]" time="0.001" /><testcase classname="tests.shared_v1.test_release_gate_tool" name="test_gate_fails_on_origin_rejection_or_contradictory_public_status[public-not-object]" time="0.001" /><testcase classname="tests.shared_v1.test_release_gate_tool" name="test_gate_fails_on_origin_rejection_or_contradictory_public_status[public-503]" time="0.001" /><testcase classname="tests.shared_v1.test_release_gate_tool" name="test_gate_fails_on_malformed_ready_bodies[html]" time="0.001" /><testcase classname="tests.shared_v1.test_release_gate_tool" name="test_gate_fails_on_malformed_ready_bodies[truncated-json]" time="0.001" /><testcase classname="tests.shared_v1.test_release_gate_tool" name="test_gate_fails_on_malformed_ready_bodies[array]" time="0.001" /><testcase classname="tests.shared_v1.test_release_gate_tool" name="test_gate_fails_on_malformed_ready_bodies[string]" time="0.001" /><testcase classname="tests.shared_v1.test_release_gate_tool" name="test_gate_fails_when_one_domain_is_unreachable" time="0.000" /><testcase classname="tests.shared_v1.test_release_gate_tool" name="test_absent_expectation_is_a_failure_not_a_wildcard[EXPECTED_WEBSITE_COMMIT]" time="0.001" /><testcase classname="tests.shared_v1.test_release_gate_tool" name="test_absent_expectation_is_a_failure_not_a_wildcard[EXPECTED_UPSTREAM_COMMIT]" time="0.001" /><testcase classname="tests.shared_v1.test_release_gate_tool" name="test_absent_expectation_is_a_failure_not_a_wildcard[EXPECTED_APP_CONTRACT_COMMIT]" time="0.001" /><testcase classname="tests.shared_v1.test_release_gate_tool" name="test_absent_expectation_is_a_failure_not_a_wildcard[EXPECTED_WEBSITE_BUILD]" time="0.001" /><testcase classname="tests.shared_v1.test_release_gate_tool" name="test_absent_expectation_is_a_failure_not_a_wildcard[EXPECTED_UPSTREAM_BUILD]" time="0.001" /><testcase classname="tests.shared_v1.test_release_gate_tool" name="test_absent_expectation_is_a_failure_not_a_wildcard[PUBLICATION_RECEIPT]" time="0.001" /><testcase classname="tests.shared_v1.test_release_gate_tool" name="test_non_hex_expected_commit_is_rejected" time="0.001" /><testcase classname="tests.shared_v1.test_release_gate_tool" name="test_evaluate_is_pure_and_lists_every_failed_check" time="0.000" /></testsuite></testsuites>